2024-06-24 22:50:57,080 :INFO : test_check_url :----- https://www.demoblaze.com/ -----
2024-06-24 22:53:09,912 :INFO : test_check_url :----- https://www.demoblaze.com/ -----
2024-06-24 22:56:33,347 :INFO : test_check_url :----- https://www.demoblaze.com/ -----
2024-06-24 22:59:39,670 :INFO : test_check_url :----- https://www.demoblaze.com/ -----
2024-06-24 23:01:28,213 :INFO : test_check_url :----- https://www.demoblaze.com/ -----
2024-06-24 23:03:19,292 :INFO : test_check_url :----- https://www.demoblaze.com/ -----
2024-06-24 23:07:32,005 :INFO : test_check_url :----- https://www.demoblaze.com/ -----
2024-06-24 23:08:17,547 :INFO : test_check_url :----- https://www.demoblaze.com/ -----
2024-06-24 23:09:46,243 :INFO : test_check_url :----- https://www.demoblaze.com/ -----
2024-06-24 23:11:23,907 :INFO : test_check_url :----- https://www.demoblaze.com/ -----
2024-06-24 23:13:38,981 :INFO : test_check_url :----- https://www.demoblaze.com/ -----
2024-06-24 23:16:07,274 :INFO : test_check_url :----- https://www.demoblaze.com/ -----
2024-06-24 23:18:54,842 :INFO : test_check_url :----- https://www.demoblaze.com/ -----
2024-06-24 23:23:24,403 :INFO : test_check_url :----- https://www.demoblaze.com/ -----
2024-06-24 23:24:22,513 :INFO : test_check_url :----- https://www.demoblaze.com/ -----
2024-06-24 23:24:26,347 :INFO : test_signup_process :---- test ----- test@123 ---- This user already exist. 
2024-06-24 23:44:12,723 :INFO : test_check_url :----- https://www.demoblaze.com/ -----
2024-06-24 23:46:48,896 :INFO : test_check_url :----- https://www.demoblaze.com/ -----
2024-06-24 23:46:52,691 :INFO : test_signup_process :---- demosuraj ----- hgsvhag ---- Wrong password. 
2024-06-24 23:46:56,292 :INFO : test_signup_process :---- demosuraj ----- test@123 ----
2024-06-24 23:46:56,292 :INFO : test_signup_process :---- demosuraj ----- test@123 ----
2024-06-24 23:51:27,671 :INFO : test_check_url :----- https://www.demoblaze.com/ -----
2024-06-24 23:51:31,356 :INFO : test_signup_process :---- demosuraj ----- hgsvhag ---- Wrong password. 
2024-06-24 23:51:35,075 :INFO : test_signup_process :---- demosuraj ----- test@123 ----
2024-06-24 23:51:35,075 :INFO : test_signup_process :---- demosuraj ----- test@123 ----
2024-06-24 23:52:42,671 :INFO : test_check_url :----- https://www.demoblaze.com/ -----
2024-06-24 23:52:46,453 :INFO : test_signup_process :---- demosuraj ----- hgsvhag ---- Wrong password. 
2024-06-24 23:52:50,071 :INFO : test_signup_process :---- demosuraj ----- test@123 ----
2024-06-24 23:52:50,071 :INFO : test_signup_process :---- demosuraj ----- test@123 ----
2024-06-24 23:59:04,843 :INFO : test_check_url :----- https://www.demoblaze.com/ -----
2024-06-24 23:59:08,653 :INFO : test_signup_process :---- demosuraj ----- hgsvhag ---- Wrong password. 
2024-06-24 23:59:12,108 :INFO : test_signup_process :---- demosuraj ----- test@123 ----
2024-06-24 23:59:12,108 :INFO : test_signup_process :---- demosuraj ----- test@123 ----
2024-06-25 00:00:44,360 :INFO : test_check_url :----- https://www.demoblaze.com/ -----
2024-06-25 00:00:48,023 :INFO : test_signup_process :---- demosuraj ----- hgsvhag ---- Please fill out Username and Password. 
2024-06-25 00:02:15,778 :INFO : test_check_url :----- https://www.demoblaze.com/ -----
2024-06-25 00:02:19,685 :INFO : test_signup_process :---- demosuraj ----- hgsvhag ---- Wrong password. 
2024-06-25 00:02:23,290 :INFO : test_signup_process :---- demosuraj ----- test@123 ----
2024-06-25 00:02:23,290 :INFO : test_signup_process :---- demosuraj ----- test@123 ----
2024-06-25 00:05:30,444 :INFO : test_check_url :----- https://www.demoblaze.com/ -----
2024-06-25 00:05:34,225 :INFO : test_signup_process :---- demosuraj ----- hgsvhag ---- Wrong password. 
2024-06-25 00:05:37,662 :INFO : test_signup_process :---- demosuraj ----- test@123 ----
2024-06-25 00:05:37,662 :INFO : test_signup_process :---- demosuraj ----- test@123 ----
2024-06-25 00:07:42,190 :INFO : test_check_url :----- https://www.demoblaze.com/ -----
2024-06-25 00:07:45,920 :INFO : test_signup_process :---- demosuraj ----- hgsvhag ---- Please fill out Username and Password. 
2024-06-25 00:08:43,427 :INFO : test_check_url :----- https://www.demoblaze.com/ -----
2024-06-25 00:08:47,290 :INFO : test_signup_process :---- demosuraj ----- hgsvhag ---- Wrong password. 
2024-06-25 00:08:50,864 :INFO : test_signup_process :---- demosuraj ----- test@123 ----
2024-06-25 00:08:50,864 :INFO : test_signup_process :---- demosuraj ----- test@123 ----
2024-06-25 00:55:50,549 :INFO : test_check_url :----- https://www.demoblaze.com/ -----
2024-06-25 00:55:54,331 :INFO : test_signup_process :---- demosuraj ----- hgsvhag ---- Wrong password. 
2024-06-25 00:55:57,751 :INFO : test_signup_process :---- demosuraj ----- test@123 ----
2024-06-25 00:55:57,751 :INFO : test_signup_process :---- demosuraj ----- test@123 ----
2024-06-25 13:39:38,371 :INFO : test_login_process :---- demosuraj ----- hgsvhag ---- Wrong password. 
2024-06-25 13:39:41,933 :INFO : test_login_process :---- demosuraj ----- test@123 ----
2024-06-25 13:39:41,933 :INFO : test_login_process :---- demosuraj ----- test@123 ----
2024-06-25 13:53:34,890 :INFO : test_login_process :---- demosuraj ----- hgsvhag ---- Wrong password. 
2024-06-25 13:53:38,389 :INFO : test_login_process :---- demosuraj ----- test@123 ----
2024-06-25 13:53:38,389 :INFO : test_login_process :---- demosuraj ----- test@123 ----
2024-06-25 13:54:30,735 :INFO : test_login_process :---- demosuraj ----- hgsvhag ---- Wrong password. 
2024-06-25 13:54:34,446 :INFO : test_login_process :---- demosuraj ----- test@123 ----
2024-06-25 13:54:34,446 :INFO : test_login_process :---- demosuraj ----- test@123 ----
2024-06-25 13:55:22,511 :INFO : test_login_process :---- demosuraj ----- hgsvhag ---- Wrong password. 
2024-06-25 13:55:26,133 :INFO : test_login_process :---- demosuraj ----- test@123 ----
2024-06-25 13:55:26,133 :INFO : test_login_process :---- demosuraj ----- test@123 ----
2024-06-25 13:56:20,526 :INFO : test_login_process :---- demosuraj ----- hgsvhag ---- Wrong password. 
2024-06-25 13:56:23,967 :INFO : test_login_process :---- demosuraj ----- test@123 ----
2024-06-25 13:56:23,967 :INFO : test_login_process :---- demosuraj ----- test@123 ----
2024-06-25 14:14:44,603 :INFO : test_login_process :---- demosuraj ----- hgsvhag ---- Wrong password. 
2024-06-25 14:14:48,203 :INFO : test_login_process :---- demosuraj ----- test@123 ----
2024-06-25 14:14:48,203 :INFO : test_login_process :---- demosuraj ----- test@123 ----
2024-06-25 14:16:10,039 :INFO : test_login_process :---- demosuraj ----- hgsvhag ---- Wrong password. 
2024-06-25 14:16:13,660 :INFO : test_login_process :---- demosuraj ----- test@123 ----
2024-06-25 14:16:13,660 :INFO : test_login_process :---- demosuraj ----- test@123 ----
2024-06-25 14:24:47,877 :INFO : test_login_process :---- demosuraj ----- hgsvhag ---- Wrong password. 
2024-06-25 14:24:51,495 :INFO : test_login_process :---- demosuraj ----- test@123 ----
2024-06-25 14:24:51,495 :INFO : test_login_process :---- demosuraj ----- test@123 ----
2024-06-25 14:40:54,181 :INFO : test_login_process :---- demosuraj ----- hgsvhag ---- Wrong password. 
2024-06-25 14:40:57,619 :INFO : test_login_process :---- demosuraj ----- test@123 ----
2024-06-25 14:40:57,619 :INFO : test_login_process :---- demosuraj ----- test@123 ----
2024-06-25 14:45:09,418 :INFO : test_login_process :---- demosuraj ----- hgsvhag ---- Wrong password. 
2024-06-25 14:45:12,872 :INFO : test_login_process :---- demosuraj ----- test@123 ----
2024-06-25 14:45:12,872 :INFO : test_login_process :---- demosuraj ----- test@123 ----
2024-06-25 14:47:10,959 :INFO : test_login_process :---- demosuraj ----- hgsvhag ---- Wrong password. 
2024-06-25 14:47:14,368 :INFO : test_login_process :---- demosuraj ----- test@123 ----
2024-06-25 14:47:14,368 :INFO : test_login_process :---- demosuraj ----- test@123 ----
2024-06-25 14:53:46,410 :INFO : test_login_process :---- demosuraj ----- hgsvhag ---- Wrong password. 
2024-06-25 14:53:49,850 :INFO : test_login_process :---- demosuraj ----- test@123 ----
2024-06-25 14:53:49,850 :INFO : test_login_process :---- demosuraj ----- test@123 ----
2024-06-25 15:10:31,147 :INFO : test_login_process :---- demosuraj ----- hgsvhag ---- Wrong password. 
2024-06-25 15:10:34,576 :INFO : test_login_process :---- demosuraj ----- test@123 ----
2024-06-25 15:10:34,576 :INFO : test_login_process :---- demosuraj ----- test@123 ----
2024-06-25 15:24:47,445 :INFO : test_login_process :---- demosuraj ----- hgsvhag ---- Wrong password. 
2024-06-25 15:24:50,861 :INFO : test_login_process :---- demosuraj ----- test@123 ----
2024-06-25 15:24:50,861 :INFO : test_login_process :---- demosuraj ----- test@123 ----
2024-06-25 15:34:12,388 :INFO : test_check_url :----- https://www.demoblaze.com/ -----
2024-06-25 15:34:16,074 :INFO : test_signup_process :---- test ----- test@123 ---- Please fill out Username and Password. 
2024-06-25 15:34:28,789 :INFO : test_login_process :---- demosuraj ----- hgsvhag ---- Wrong password. 
2024-06-25 15:34:32,231 :INFO : test_login_process :---- demosuraj ----- test@123 ----
2024-06-25 15:34:32,231 :INFO : test_login_process :---- demosuraj ----- test@123 ----
2024-06-25 15:39:31,204 :INFO : test_login_process :---- demosuraj ----- hgsvhag ---- Wrong password. 
2024-06-25 15:39:34,619 :INFO : test_login_process :---- demosuraj ----- test@123 ----
2024-06-25 15:39:34,619 :INFO : test_login_process :---- demosuraj ----- test@123 ----
2024-06-25 15:46:57,435 :INFO : test_login_process :---- demosuraj ----- hgsvhag ---- Wrong password. 
2024-06-25 15:47:00,848 :INFO : test_login_process :---- demosuraj ----- test@123 ----
2024-06-25 15:47:00,848 :INFO : test_login_process :---- demosuraj ----- test@123 ----
2024-06-25 15:49:49,295 :INFO : test_login_process :---- demosuraj ----- hgsvhag ---- Wrong password. 
2024-06-25 15:49:52,719 :INFO : test_login_process :---- demosuraj ----- test@123 ----
2024-06-25 15:49:52,719 :INFO : test_login_process :---- demosuraj ----- test@123 ----
2024-06-25 15:55:21,718 :INFO : test_login_process :---- demosuraj ----- hgsvhag ---- Wrong password. 
2024-06-25 15:55:25,141 :INFO : test_login_process :---- demosuraj ----- test@123 ----
2024-06-25 15:55:25,141 :INFO : test_login_process :---- demosuraj ----- test@123 ----
2024-06-25 15:56:38,092 :INFO : test_login_process :---- demosuraj ----- hgsvhag ---- Wrong password. 
2024-06-25 15:56:41,520 :INFO : test_login_process :---- demosuraj ----- test@123 ----
2024-06-25 15:56:41,520 :INFO : test_login_process :---- demosuraj ----- test@123 ----
2024-06-25 15:59:42,557 :INFO : test_login_process :---- demosuraj ----- hgsvhag ---- Wrong password. 
2024-06-25 15:59:45,977 :INFO : test_login_process :---- demosuraj ----- test@123 ----
2024-06-25 15:59:45,977 :INFO : test_login_process :---- demosuraj ----- test@123 ----
2024-06-25 16:02:50,687 :INFO : test_login_process :---- demosuraj ----- hgsvhag ---- Wrong password. 
2024-06-25 16:02:54,073 :INFO : test_login_process :---- demosuraj ----- test@123 ----
2024-06-25 16:02:54,073 :INFO : test_login_process :---- demosuraj ----- test@123 ----
2024-06-25 16:03:47,551 :INFO : test_login_process :---- demosuraj ----- hgsvhag ---- Wrong password. 
2024-06-25 16:03:50,947 :INFO : test_login_process :---- demosuraj ----- test@123 ----
2024-06-25 16:03:50,947 :INFO : test_login_process :---- demosuraj ----- test@123 ----
2024-06-25 16:27:40,537 :INFO : test_login_process :---- demosuraj ----- hgsvhag ---- Wrong password. 
2024-06-25 16:27:43,963 :INFO : test_login_process :---- demosuraj ----- test@123 ----
2024-06-25 16:27:43,963 :INFO : test_login_process :---- demosuraj ----- test@123 ----
2024-06-25 16:31:05,907 :INFO : test_login_process :---- demosuraj ----- hgsvhag ---- Wrong password. 
2024-06-25 16:31:09,328 :INFO : test_login_process :---- demosuraj ----- test@123 ----
2024-06-25 16:31:09,328 :INFO : test_login_process :---- demosuraj ----- test@123 ----
2024-06-25 16:36:11,966 :INFO : test_login_process :---- demosuraj ----- hgsvhag ---- Wrong password. 
2024-06-25 16:36:15,389 :INFO : test_login_process :---- demosuraj ----- test@123 ----
2024-06-25 16:36:15,389 :INFO : test_login_process :---- demosuraj ----- test@123 ----
2024-06-25 16:41:22,906 :INFO : test_login_process :---- demosuraj ----- hgsvhag ---- Wrong password. 
2024-06-25 16:41:26,341 :INFO : test_login_process :---- demosuraj ----- test@123 ----
2024-06-25 16:41:26,341 :INFO : test_login_process :---- demosuraj ----- test@123 ----
2024-06-25 16:48:05,743 :INFO : test_login_process :---- demosuraj ----- hgsvhag ---- Wrong password. 
2024-06-25 16:48:09,167 :INFO : test_login_process :---- demosuraj ----- test@123 ----
2024-06-25 16:48:09,167 :INFO : test_login_process :---- demosuraj ----- test@123 ----
2024-06-25 17:02:03,788 :INFO : test_login_process :---- demosuraj ----- hgsvhag ---- Wrong password. 
2024-06-25 17:02:07,179 :INFO : test_login_process :---- demosuraj ----- test@123 ----
2024-06-25 17:02:07,179 :INFO : test_login_process :---- demosuraj ----- test@123 ----
2024-06-25 17:03:47,383 :INFO : test_login_process :---- demosuraj ----- hgsvhag ---- Wrong password. 
2024-06-25 17:03:50,795 :INFO : test_login_process :---- demosuraj ----- test@123 ----
2024-06-25 17:03:50,795 :INFO : test_login_process :---- demosuraj ----- test@123 ----
2024-06-25 17:06:15,686 :INFO : test_login_process :---- demosuraj ----- hgsvhag ---- Wrong password. 
2024-06-25 17:06:19,116 :INFO : test_login_process :---- demosuraj ----- test@123 ----
2024-06-25 17:06:19,116 :INFO : test_login_process :---- demosuraj ----- test@123 ----
2024-06-25 17:07:45,182 :INFO : test_login_process :---- demosuraj ----- hgsvhag ---- Wrong password. 
2024-06-25 17:07:48,597 :INFO : test_login_process :---- demosuraj ----- test@123 ----
2024-06-25 17:07:48,597 :INFO : test_login_process :---- demosuraj ----- test@123 ----
2024-06-25 17:09:40,456 :INFO : test_login_process :---- demosuraj ----- hgsvhag ---- Wrong password. 
2024-06-25 17:09:43,886 :INFO : test_login_process :---- demosuraj ----- test@123 ----
2024-06-25 17:09:43,886 :INFO : test_login_process :---- demosuraj ----- test@123 ----
2024-06-25 17:10:53,112 :INFO : test_login_process :---- demosuraj ----- hgsvhag ---- Wrong password. 
2024-06-25 17:10:56,493 :INFO : test_login_process :---- demosuraj ----- test@123 ----
2024-06-25 17:10:56,493 :INFO : test_login_process :---- demosuraj ----- test@123 ----
2024-06-25 17:16:13,881 :INFO : test_login_process :---- demosuraj ----- hgsvhag ---- Wrong password. 
2024-06-25 17:16:17,281 :INFO : test_login_process :---- demosuraj ----- test@123 ----
2024-06-25 17:16:17,281 :INFO : test_login_process :---- demosuraj ----- test@123 ----
2024-06-25 17:18:39,753 :INFO : test_login_process :---- demosuraj ----- hgsvhag ---- Wrong password. 
2024-06-25 17:18:43,223 :INFO : test_login_process :---- demosuraj ----- test@123 ----
2024-06-25 17:18:43,223 :INFO : test_login_process :---- demosuraj ----- test@123 ----
2024-06-25 17:20:51,747 :INFO : test_login_process :---- demosuraj ----- hgsvhag ---- Wrong password. 
2024-06-25 17:20:55,173 :INFO : test_login_process :---- demosuraj ----- test@123 ----
2024-06-25 17:20:55,173 :INFO : test_login_process :---- demosuraj ----- test@123 ----
2024-06-25 17:22:43,119 :INFO : test_login_process :---- demosuraj ----- hgsvhag ---- Wrong password. 
2024-06-25 17:22:46,540 :INFO : test_login_process :---- demosuraj ----- test@123 ----
2024-06-25 17:22:46,540 :INFO : test_login_process :---- demosuraj ----- test@123 ----
